  application.cpp
C:\Users\natah\Downloads\application.cpp(28,18): warning C4244: =: преобразование "LONGLONG" в "double", возможна потеря данных
C:\Users\jelew\source\repos\Project1\Project1\Sort.h(57,20): warning C4244: инициализация: преобразование "__int64" в "int", возможна потеря данных
C:\Users\natah\Downloads\application.cpp(103): message : выполняется компиляция ссылки на экземпляр шаблон функции "void Quick_sort::QuickSort<_Ty,main::<lambda_3015d5308d1804cfecb769325ba792c0>>(T *,T *,Compare)"
          with
          [
              _Ty=int,
              T=int,
              Compare=main::<lambda_3015d5308d1804cfecb769325ba792c0>
          ]
C:\Users\jelew\source\repos\Project1\Project1\Sort.h(19,17): warning C4244: инициализация: преобразование "__int64" в "int", возможна потеря данных
C:\Users\jelew\source\repos\Project1\Project1\Sort.h(65): message : выполняется компиляция ссылки на экземпляр шаблон функции "auto Quick_sort::GetPivot<T>(T *,T *)"
          with
          [
              T=int
          ]
C:\Users\jelew\source\repos\Project1\Project1\Sort.h(36,20): warning C4244: инициализация: преобразование "__int64" в "int", возможна потеря данных
C:\Users\natah\Downloads\application.cpp(111): message : выполняется компиляция ссылки на экземпляр шаблон функции "void Quick_sort::InsertingSort<_Ty,main::<lambda_81c6332f9eb937d5233d0e4171616356>>(T *,T *,Compare)"
          with
          [
              _Ty=int,
              T=int,
              Compare=main::<lambda_81c6332f9eb937d5233d0e4171616356>
          ]
  Создание кода
  Previous IPDB and IOBJ mismatch, fall back to full compilation.
  All 267 functions were compiled because no usable IPDB/IOBJ from previous compilation was found.
  Создание кода завершено
  Project1.vcxproj -> C:\Users\jelew\source\repos\Project1\x64\Release\Project1.exe
